Using pre-set license
Built from '2020.3/release' branch; Version is '2020.3.1f1 (77a89f25062f) revision 7841951'; Using compiler version '192528614'; Build Type 'Release'
OS: 'Windows 10 Home; OS build 19044.2251; Version 2009; 64bit' Language: 'ko' Physical Memory: 16057 MB
BatchMode: 1, IsHumanControllingUs: 0, StartBugReporterOnCrash: 0, Is64bit: 1, IsPro: 0

 COMMAND LINE ARGUMENTS:
C:\Program Files\2020.3.1f1\Editor\Unity.exe
-adb2
-batchMode
-noUpm
-name
AssetImportWorker0
-projectPath
D:/study/coding/unity3d/20221201/Tank_2018108254_ktg
-logFile
Logs/AssetImportWorker0.log
-srvPort
58697
Successfully changed project path to: D:/study/coding/unity3d/20221201/Tank_2018108254_ktg
D:/study/coding/unity3d/20221201/Tank_2018108254_ktg
Using Asset Import Pipeline V2.
Refreshing native plugins compatible for Editor in 62.21 ms, found 0 plugins.
Preloading 0 native plugins for Editor in 0.00 ms.
Initialize engine version: 2020.3.1f1 (77a89f25062f)
[Subsystems] Discovering subsystems at path C:/Program Files/2020.3.1f1/Editor/Data/Resources/UnitySubsystems
[Subsystems] Discovering subsystems at path D:/study/coding/unity3d/20221201/Tank_2018108254_ktg/Assets
GfxDevice: creating device client; threaded=0
Direct3D:
    Version:  Direct3D 11.0 [level 11.1]
    Renderer: NVIDIA GeForce MX450 (ID=0x1f97)
    Vendor:   
    VRAM:     1928 MB
    Driver:   31.0.15.1748
Initialize mono
Mono path[0] = 'C:/Program Files/2020.3.1f1/Editor/Data/Managed'
Mono path[1] = 'C:/Program Files/2020.3.1f1/Editor/Data/MonoBleedingEdge/lib/mono/unityjit'
Mono config path = 'C:/Program Files/2020.3.1f1/Editor/Data/MonoBleedingEdge/etc'
Using monoOptions --debugger-agent=transport=dt_socket,embedding=1,server=y,suspend=n,address=127.0.0.1:56740
Begin MonoManager ReloadAssembly
Registering precompiled unity dll's ...
Register platform support module: C:/Program Files/2020.3.1f1/Editor/Data/PlaybackEngines/WebGLSupport/UnityEditor.WebGL.Extensions.dll
Register platform support module: C:/Program Files/2020.3.1f1/Editor/Data/PlaybackEngines/WindowsStandaloneSupport/UnityEditor.WindowsStandalone.Extensions.dll
Registered in 0.005759 seconds.
Native extension for WindowsStandalone target not found
Native extension for WebGL target not found
Refreshing native plugins compatible for Editor in 54.84 ms, found 0 plugins.
Preloading 0 native plugins for Editor in 0.00 ms.
Invoked RoslynAnalysisRunner static constructor.
RoslynAnalysisRunner will not be running.
RoslynAnalysisRunner has terminated.
Mono: successfully reloaded assembly
- Completed reload, in  2.797 seconds
Platform modules already initialized, skipping
Registering precompiled user dll's ...
Registered in 0.001246 seconds.
Begin MonoManager ReloadAssembly
Native extension for WindowsStandalone target not found
Native extension for WebGL target not found
Refreshing native plugins compatible for Editor in 0.39 ms, found 0 plugins.
Preloading 0 native plugins for Editor in 0.00 ms.
Invoked RoslynAnalysisRunner static constructor.
RoslynAnalysisRunner will not be running.
RoslynAnalysisRunner has terminated.
Mono: successfully reloaded assembly
- Completed reload, in  1.805 seconds
Platform modules already initialized, skipping
========================================================================
Worker process is ready to serve import requests
Launched and connected shader compiler UnityShaderCompiler.exe after 0.10 seconds
Refreshing native plugins compatible for Editor in 0.17 ms, found 0 plugins.
Preloading 0 native plugins for Editor in 0.00 ms.
Unloading 1116 Unused Serialized files (Serialized files now loaded: 0)
System memory in use before: 59.8 MB.
System memory in use after: 59.9 MB.

Unloading 10 unused Assets to reduce memory usage. Loaded Objects now: 1561.
Total: 2.735500 ms (FindLiveObjects: 0.196800 ms CreateObjectMapping: 0.063100 ms MarkObjects: 2.322200 ms  DeleteObjects: 0.151400 ms)

========================================================================
Received Import Request.
  path: Assets/Materials/mat_enemy.mat
  artifactKey: Guid(312fca1c45f28464da3825b9b35030c7) Importer(815301076,1909f56bfc062723c751e8b465ee728b)
Start importing Assets/Materials/mat_enemy.mat using Guid(312fca1c45f28464da3825b9b35030c7) Importer(815301076,1909f56bfc062723c751e8b465ee728b)  -> (artifact id: 'ee4e27481b9e985594f310f0a2bbe233') in 0.254799 seconds
  Import took 0.259068 seconds .

========================================================================
Received Import Request.
  Time since last request: 34.799151 seconds.
  path: Assets/Materials/mat_enemy.mat
  artifactKey: Guid(312fca1c45f28464da3825b9b35030c7) Importer(815301076,1909f56bfc062723c751e8b465ee728b)
Start importing Assets/Materials/mat_enemy.mat using Guid(312fca1c45f28464da3825b9b35030c7) Importer(815301076,1909f56bfc062723c751e8b465ee728b)  -> (artifact id: 'b076935a60fb3ebdd1ac0047d27ab121') in 0.024193 seconds
  Import took 0.028916 seconds .

========================================================================
Received Import Request.
  Time since last request: 168.315871 seconds.
  path: Assets/Script/enemy_turret_move.cs
  artifactKey: Guid(dce09fd0ca8c6a64593e7eee874787b7) Importer(815301076,1909f56bfc062723c751e8b465ee728b)
Start importing Assets/Script/enemy_turret_move.cs using Guid(dce09fd0ca8c6a64593e7eee874787b7) Importer(815301076,1909f56bfc062723c751e8b465ee728b)  -> (artifact id: '44bc2874f22f86bc0946750426c09ddd') in 0.020283 seconds
  Import took 0.024914 seconds .

========================================================================
Received Import Request.
  Time since last request: 0.000717 seconds.
  path: Assets/Script/enemy_turret_move.cs
  artifactKey: Guid(dce09fd0ca8c6a64593e7eee874787b7) Importer(815301076,1909f56bfc062723c751e8b465ee728b)
Start importing Assets/Script/enemy_turret_move.cs using Guid(dce09fd0ca8c6a64593e7eee874787b7) Importer(815301076,1909f56bfc062723c751e8b465ee728b)  -> (artifact id: '44bc2874f22f86bc0946750426c09ddd') in 0.003114 seconds
  Import took 0.007860 seconds .

========================================================================
Received Prepare
Registering precompiled user dll's ...
Registered in 0.000660 seconds.
Begin MonoManager ReloadAssembly
Native extension for WindowsStandalone target not found
Native extension for WebGL target not found
Refreshing native plugins compatible for Editor in 0.35 ms, found 0 plugins.
Preloading 0 native plugins for Editor in 0.00 ms.
Invoked RoslynAnalysisRunner static constructor.
RoslynAnalysisRunner will not be running.
RoslynAnalysisRunner has terminated.
Mono: successfully reloaded assembly
- Completed reload, in  1.692 seconds
Platform modules already initialized, skipping
Refreshing native plugins compatible for Editor in 0.33 ms, found 0 plugins.
Preloading 0 native plugins for Editor in 0.00 ms.
Unloading 1112 Unused Serialized files (Serialized files now loaded: 0)
System memory in use before: 63.1 MB.
System memory in use after: 63.2 MB.

Unloading 5 unused Assets to reduce memory usage. Loaded Objects now: 1605.
Total: 14.374500 ms (FindLiveObjects: 2.276400 ms CreateObjectMapping: 0.162400 ms MarkObjects: 11.822200 ms  DeleteObjects: 0.111400 ms)

========================================================================
Received Prepare
Registering precompiled user dll's ...
Registered in 0.001499 seconds.
Begin MonoManager ReloadAssembly
Native extension for WindowsStandalone target not found
Native extension for WebGL target not found
Refreshing native plugins compatible for Editor in 0.34 ms, found 0 plugins.
Preloading 0 native plugins for Editor in 0.00 ms.
Invoked RoslynAnalysisRunner static constructor.
RoslynAnalysisRunner will not be running.
RoslynAnalysisRunner has terminated.
Mono: successfully reloaded assembly
- Completed reload, in  1.631 seconds
Platform modules already initialized, skipping
Refreshing native plugins compatible for Editor in 0.39 ms, found 0 plugins.
Preloading 0 native plugins for Editor in 0.00 ms.
Unloading 1112 Unused Serialized files (Serialized files now loaded: 0)
System memory in use before: 63.2 MB.
System memory in use after: 63.2 MB.

Unloading 5 unused Assets to reduce memory usage. Loaded Objects now: 1608.
Total: 2.734700 ms (FindLiveObjects: 0.164900 ms CreateObjectMapping: 0.023700 ms MarkObjects: 2.422800 ms  DeleteObjects: 0.121700 ms)

========================================================================
Received Import Request.
  Time since last request: 113.646385 seconds.
  path: Assets/Script/enemy_turret_move.cs
  artifactKey: Guid(dce09fd0ca8c6a64593e7eee874787b7) Importer(815301076,1909f56bfc062723c751e8b465ee728b)
Start importing Assets/Script/enemy_turret_move.cs using Guid(dce09fd0ca8c6a64593e7eee874787b7) Importer(815301076,1909f56bfc062723c751e8b465ee728b)  -> (artifact id: '9fbde65266099d6fded9c3c44e18d87b') in 0.008664 seconds
  Import took 0.013584 seconds .

========================================================================
Received Prepare
Registering precompiled user dll's ...
Registered in 0.001116 seconds.
Begin MonoManager ReloadAssembly
Native extension for WindowsStandalone target not found
Native extension for WebGL target not found
Refreshing native plugins compatible for Editor in 0.35 ms, found 0 plugins.
Preloading 0 native plugins for Editor in 0.00 ms.
Invoked RoslynAnalysisRunner static constructor.
RoslynAnalysisRunner will not be running.
RoslynAnalysisRunner has terminated.
Mono: successfully reloaded assembly
- Completed reload, in  1.656 seconds
Platform modules already initialized, skipping
Refreshing native plugins compatible for Editor in 0.55 ms, found 0 plugins.
Preloading 0 native plugins for Editor in 0.00 ms.
Unloading 1112 Unused Serialized files (Serialized files now loaded: 0)
System memory in use before: 63.2 MB.
System memory in use after: 63.2 MB.

Unloading 5 unused Assets to reduce memory usage. Loaded Objects now: 1611.
Total: 3.092500 ms (FindLiveObjects: 0.243900 ms CreateObjectMapping: 0.056900 ms MarkObjects: 2.682100 ms  DeleteObjects: 0.107500 ms)

AssetImportWorkerClient::OnTransportError - code=2 error=End of file
